2025-05-24T14:56:49.541+05:30  INFO 6860 --- [AddressBook] [restartedMain] c.b.addressbook.AddressBookApplication   : Starting AddressBookApplication using Java 21.0.6 with PID 6860 (E:\AddressBook\target\classes started by pavit in E:\AddressBook)
2025-05-24T14:56:49.542+05:30  INFO 6860 --- [AddressBook] [restartedMain] c.b.addressbook.AddressBookApplication   : No active profile set, falling back to 1 default profile: "default"
2025-05-24T14:56:49.621+05:30  INFO 6860 --- [AddressBook] [restartedMain] .s.d.r.c.RepositoryConfigurationDelegate : Bootstrapping Spring Data JPA repositories in DEFAULT mode.
2025-05-24T14:56:49.624+05:30  INFO 6860 --- [AddressBook] [restartedMain] .s.d.r.c.RepositoryConfigurationDelegate : Finished Spring Data repository scanning in 1 ms. Found 0 JPA repository interfaces.
2025-05-24T14:56:49.670+05:30  INFO 6860 --- [AddressBook] [restartedMain] o.s.b.w.embedded.tomcat.TomcatWebServer  : Tomcat initialized with port 8080 (http)
2025-05-24T14:56:49.671+05:30  INFO 6860 --- [AddressBook] [restartedMain] o.apache.catalina.core.StandardService   : Starting service [Tomcat]
2025-05-24T14:56:49.671+05:30  INFO 6860 --- [AddressBook] [restartedMain] o.apache.catalina.core.StandardEngine    : Starting Servlet engine: [Apache Tomcat/10.1.40]
2025-05-24T14:56:49.682+05:30  INFO 6860 --- [AddressBook] [restartedMain] o.a.c.c.C.[Tomcat].[localhost].[/]       : Initializing Spring embedded WebApplicationContext
2025-05-24T14:56:49.682+05:30  INFO 6860 --- [AddressBook] [restartedMain] w.s.c.ServletWebServerApplicationContext : Root WebApplicationContext: initialization completed in 137 ms
2025-05-24T14:56:49.701+05:30  INFO 6860 --- [AddressBook] [restartedMain] o.hibernate.jpa.internal.util.LogHelper  : HHH000204: Processing PersistenceUnitInfo [name: default]
2025-05-24T14:56:49.702+05:30  INFO 6860 --- [AddressBook] [restartedMain] o.h.c.internal.RegionFactoryInitiator    : HHH000026: Second-level cache disabled
2025-05-24T14:56:49.711+05:30  INFO 6860 --- [AddressBook] [restartedMain] o.s.o.j.p.SpringPersistenceUnitInfo      : No LoadTimeWeaver setup: ignoring JPA class transformer
2025-05-24T14:56:49.712+05:30  INFO 6860 --- [AddressBook] [restartedMain] com.zaxxer.hikari.HikariDataSource       : HikariPool-2 - Starting...
2025-05-24T14:56:49.725+05:30  INFO 6860 --- [AddressBook] [restartedMain] com.zaxxer.hikari.pool.HikariPool        : HikariPool-2 - Added connection com.mysql.cj.jdbc.ConnectionImpl@431fe85
2025-05-24T14:56:49.726+05:30  INFO 6860 --- [AddressBook] [restartedMain] com.zaxxer.hikari.HikariDataSource       : HikariPool-2 - Start completed.
2025-05-24T14:56:49.726+05:30  WARN 6860 --- [AddressBook] [restartedMain] org.hibernate.orm.deprecation            : HHH90000025: MySQL8Dialect does not need to be specified explicitly using 'hibernate.dialect' (remove the property setting and it will be selected by default)
2025-05-24T14:56:49.726+05:30  WARN 6860 --- [AddressBook] [restartedMain] org.hibernate.orm.deprecation            : HHH90000026: MySQL8Dialect has been deprecated; use org.hibernate.dialect.MySQLDialect instead
2025-05-24T14:56:49.726+05:30  INFO 6860 --- [AddressBook] [restartedMain] org.hibernate.orm.connections.pooling    : HHH10001005: Database info:
	Database JDBC URL [Connecting through datasource 'HikariDataSource (HikariPool-2)']
	Database driver: undefined/unknown
	Database version: 8.0
	Autocommit mode: undefined/unknown
	Isolation level: undefined/unknown
	Minimum pool size: undefined/unknown
	Maximum pool size: undefined/unknown
2025-05-24T14:56:49.736+05:30  INFO 6860 --- [AddressBook] [restartedMain] o.h.e.t.j.p.i.JtaPlatformInitiator       : HHH000489: No JTA platform available (set 'hibernate.transaction.jta.platform' to enable JTA platform integration)
2025-05-24T14:56:49.737+05:30  INFO 6860 --- [AddressBook] [restartedMain] j.LocalContainerEntityManagerFactoryBean : Initialized JPA EntityManagerFactory for persistence unit 'default'
2025-05-24T14:56:49.749+05:30  WARN 6860 --- [AddressBook] [restartedMain] JpaBaseConfiguration$JpaWebConfiguration : spring.jpa.open-in-view is enabled by default. Therefore, database queries may be performed during view rendering. Explicitly configure spring.jpa.open-in-view to disable this warning
2025-05-24T14:56:49.801+05:30  INFO 6860 --- [AddressBook] [restartedMain] o.s.b.d.a.OptionalLiveReloadServer       : LiveReload server is running on port 35729
2025-05-24T14:56:49.808+05:30  INFO 6860 --- [AddressBook] [restartedMain] o.s.b.w.embedded.tomcat.TomcatWebServer  : Tomcat started on port 8080 (http) with context path '/'
2025-05-24T14:56:49.810+05:30  INFO 6860 --- [AddressBook] [restartedMain] c.b.addressbook.AddressBookApplication   : Started AddressBookApplication in 0.293 seconds (process running for 44.721)
2025-05-24T14:56:49.812+05:30  INFO 6860 --- [AddressBook] [restartedMain] .ConditionEvaluationDeltaLoggingListener : Condition evaluation unchanged
2025-05-24T14:56:50.969+05:30  INFO 6860 --- [AddressBook] [RMI TCP Connection(11)-127.0.0.1] inMXBeanRegistrar$SpringApplicationAdmin : Application shutdown requested.
2025-05-24T14:56:50.970+05:30  INFO 6860 --- [AddressBook] [RMI TCP Connection(11)-127.0.0.1] o.s.b.w.e.tomcat.GracefulShutdown        : Commencing graceful shutdown. Waiting for active requests to complete
2025-05-24T14:56:50.975+05:30  INFO 6860 --- [AddressBook] [tomcat-shutdown] o.s.b.w.e.tomcat.GracefulShutdown        : Graceful shutdown complete
2025-05-24T14:56:50.977+05:30  INFO 6860 --- [AddressBook] [RMI TCP Connection(11)-127.0.0.1] j.LocalContainerEntityManagerFactoryBean : Closing JPA EntityManagerFactory for persistence unit 'default'
2025-05-24T14:56:50.977+05:30  INFO 6860 --- [AddressBook] [RMI TCP Connection(11)-127.0.0.1] com.zaxxer.hikari.HikariDataSource       : HikariPool-2 - Shutdown initiated...
2025-05-24T14:56:50.982+05:30  INFO 6860 --- [AddressBook] [RMI TCP Connection(11)-127.0.0.1] com.zaxxer.hikari.HikariDataSource       : HikariPool-2 - Shutdown completed.
